{
  "RSpec": {
    "coverage": {
      "/home/ganesh/bookReview/app/models/user.rb": {
        "lines": [
          1,
          null,
          null,
          1,
          1,
          null,
          null
        ]
      },
      "/home/ganesh/bookReview/app/models/application_record.rb": {
        "lines": [
          1,
          1,
          null
        ]
      },
      "/home/ganesh/bookReview/app/helpers/application_helper.rb": {
        "lines": [
          1,
          null
        ]
      },
      "/home/ganesh/bookReview/app/helpers/books_helper.rb": {
        "lines": [
          1,
          null
        ]
      },
      "/home/ganesh/bookReview/app/helpers/home_helper.rb": {
        "lines": [
          1,
          null
        ]
      },
      "/home/ganesh/bookReview/app/helpers/likes_helper.rb": {
        "lines": [
          1,
          null
        ]
      },
      "/home/ganesh/bookReview/app/helpers/reviews_helper.rb": {
        "lines": [
          1,
          null
        ]
      },
      "/home/ganesh/bookReview/app/models/book.rb": {
        "lines": [
          1,
          1,
          1,
          1,
          1,
          1,
          1,
          1,
          null
        ]
      },
      "/home/ganesh/bookReview/app/models/review.rb": {
        "lines": [
          1,
          1,
          1,
          1,
          1,
          1,
          null
        ]
      },
      "/home/ganesh/bookReview/app/models/writer.rb": {
        "lines": [
          1,
          1,
          null
        ]
      }
    },
    "timestamp": 1675272457
  }
}
